C51 COMPILER V9.54   10STZ                                                                 02/10/2020 23:21:03 PAGE 1   


C51 COMPILER V9.54, COMPILATION OF MODULE 10STZ
OBJECT MODULE PLACED IN 10stz.OBJ
COMPILER INVOKED BY: D:\Keil_v5\C51\BIN\C51.EXE 10stz.c OPTIMIZE(8,SPEED) BROWSE DEBUG OBJECTEXTEND TABS(2)

line level    source

   1          
   2          
   3          #include<reg51.h>
   4          #include<intrins.h>
   5          #define uchar unsigned char
   6          #define uint unsigned int
   7          
   8          sbit SK=P2^0; 
   9          sbit SER=P2^1;
  10          sbit RK=P2^2;
  11          sbit but=P3^2;//按钮
  12          bit flag = 1; //计时标志位
  13            uint i;
  14          uchar code smgduan[17]={0x3f,0x06,0x5b,0x4f,0x66,0x6d,0x7d,0x07,
  15                    0x7f,0x6f,0x77,0x7c,0x39,0x5e,0x79,0x71};
  16          void delays(uint x)
  17          {
  18   1        uchar y,z;
  19   1        for(y=x;y>0;y--)
  20   1        for(z=110;z>0;z--);
  21   1      }
  22          
  23          /* 595发送数据*/
  24          void Hc595SendByte(uchar dat,uchar dat1,uchar dat2,uchar dat3)
  25          {
  26   1        uchar a;
  27   1        SK=0;
  28   1        RK=0;
  29   1        for(a=0;a<8;a++)
  30   1        {
  31   2          SER=dat>>7;
  32   2          dat<<=1;
  33   2      
  34   2          SK=1;
  35   2          _nop_();
  36   2          _nop_();
  37   2          SK=0; 
  38   2        }
  39   1      
  40   1        for(a=0;a<8;a++)
  41   1        {
  42   2          SER=dat1>>7;
  43   2          dat1<<=1;
  44   2      
  45   2          SK=1;
  46   2          _nop_();
  47   2          _nop_();
  48   2          SK=0; 
  49   2        }
  50   1           for(a=0;a<8;a++)
  51   1        {
  52   2          SER=dat2>>7;
  53   2          dat2<<=1;
  54   2      
  55   2          SK=1;
C51 COMPILER V9.54   10STZ                                                                 02/10/2020 23:21:03 PAGE 2   

  56   2          _nop_();
  57   2          _nop_();
  58   2          SK=0; 
  59   2        }
  60   1        for(a=0;a<8;a++)
  61   1        {
  62   2          SER=dat3>>7;
  63   2          dat3<<=1;
  64   2      
  65   2          SK=1;
  66   2          _nop_();
  67   2          _nop_();
  68   2          SK=0; 
  69   2        }
  70   1      
  71   1      
  72   1        RK=1;
  73   1        _nop_();
  74   1        _nop_();
  75   1        RK=0;
  76   1      }
  77          
  78          /*显示函数*/
  79          void display()
  80          {
  81   1            uchar ge,shi,bai,qian;
  82   1             qian=i/1000;
  83   1             bai=i%1000/100;
  84   1             shi=i%100/10;
  85   1             ge=i%10;
  86   1             if(flag!=0)
  87   1             {
  88   2              Hc595SendByte(~smgduan[ge],~smgduan[shi],~smgduan[bai]&~0x80,~smgduan[qian]);
  89   2            }
  90   1        
  91   1      }
  92          
  93          /*定时器初始化*/
  94          void Timer0Init()
  95          {
  96   1        TMOD|=0X01;
  97   1      
  98   1        TH0=0XDC;
  99   1        TL0=0X00; 
 100   1        ET0=1;
 101   1        EA=1;
 102   1        TR0=0;
 103   1        
 104   1        
 105   1          EX0 = 1;  //打开外部中断0
 106   1        IT0 = 1;  //外部中断0中断方式为跳变沿，从高到低触发
 107   1              
 108   1      }
 109          
 110          /*外部中断服务函数*/
 111          void key() interrupt 0
 112          {  
 113   1            if(but==0)
 114   1            {
 115   2               delays(10);
 116   2               if(but==0)
 117   2               {
C51 COMPILER V9.54   10STZ                                                                 02/10/2020 23:21:03 PAGE 3   

 118   3              if(TR0==0&&i!=0)
 119   3              {
 120   4                i=0;
 121   4                display();
 122   4                flag=1;
 123   4              }
 124   3              else
 125   3              {
 126   4                   if(TR0==1)
 127   4                   {
 128   5                      
 129   5                     TR0=0;
 130   5                   flag=0;
 131   5                   }
 132   4                   else if(TR0==0)
 133   4                   {
 134   5                    TR0=1;
 135   5                  flag=1;
 136   5                   }
 137   4               }
 138   3      
 139   3               while(!but);
 140   3                  delays(10);
 141   3                  while(!but);
 142   3               }
 143   2            }
 144   1      } 
 145          
 146          void main()
 147          {
 148   1           Timer0Init(); 
 149   1            i=0;
 150   1           while(1)
 151   1           {
 152   2             display();
 153   2            // key();
 154   2             
 155   2          }
 156   1        
 157   1      }
 158          /*定时器中断服务函数*/
 159          void Timer0() interrupt 1
 160          {
 161   1      
 162   1        TH0=0XDC;
 163   1        TL0=0X00;
 164   1        i++;
 165   1        if(i==100000)
 166   1        {
 167   2          i=0;
 168   2        } 
 169   1      }


MODULE INFORMATION:   STATIC OVERLAYABLE
   CODE SIZE        =    486    ----
   CONSTANT SIZE    =     17    ----
   XDATA SIZE       =   ----    ----
   PDATA SIZE       =   ----    ----
   DATA SIZE        =      2       5
   IDATA SIZE       =   ----    ----
   BIT SIZE         =      1    ----
C51 COMPILER V9.54   10STZ                                                                 02/10/2020 23:21:03 PAGE 4   

END OF MODULE INFORMATION.


C51 COMPILATION COMPLETE.  0 WARNING(S),  0 ERROR(S)
